[0m2021.11.05 15:23:46 INFO  Started: Metals version 0.10.9 in workspace '/home/bercyhub-wassim/Documents/Perso/Projet_Scala' for client Visual Studio Code 1.62.0.[0m
[0m2021.11.05 15:23:48 INFO  time: initialize in 1.21s[0m
[0m2021.11.05 15:23:48 WARN  Build server is not auto-connectable.[0m
[0m2021.11.05 15:23:48 WARN  no build tool detected in workspace '/home/bercyhub-wassim/Documents/Perso/Projet_Scala'. The most common cause for this problem is that the editor was opened in the wrong working directory, for example if you use sbt then the workspace directory should contain build.sbt. [0m
[0m2021.11.05 15:23:48 WARN  no build target for: /home/bercyhub-wassim/Documents/Perso/Projet_Scala/airpor.scala[0m
[0m2021.11.05 15:23:51 INFO  no build target: using presentation compiler with only scala-library: 3.1.0[0m
[0m2021.11.05 15:23:54 INFO  time: code lens generation in 5.56s[0m
[0m2021.11.05 15:44:36 WARN  no build target for: /home/bercyhub-wassim/Documents/Perso/Projet_Scala/airpor.scala[0m
[0m2021.11.05 15:44:50 WARN  no build target for: /home/bercyhub-wassim/Documents/Perso/Projet_Scala/airpor.scala[0m
[0m2021.11.05 15:46:54 WARN  no build target for: /home/bercyhub-wassim/Documents/Perso/Projet_Scala/src/airpor.scala[0m
[0m2021.11.05 15:47:04 WARN  no build target for: /home/bercyhub-wassim/Documents/Perso/Projet_Scala/src/main/airpor.scala[0m
[0m2021.11.05 15:47:17 WARN  no build target for: /home/bercyhub-wassim/Documents/Perso/Projet_Scala/build.sbt[0m
[0m2021.11.05 15:47:17 WARN  no build target for: /home/bercyhub-wassim/Documents/Perso/Projet_Scala/build.sbt[0m
[0m2021.11.05 15:48:08 WARN  no build target for: /home/bercyhub-wassim/Documents/Perso/Projet_Scala/build.sbt[0m
nov. 05, 2021 3:48:10 PM org.eclipse.lsp4j.jsonrpc.RemoteEndpoint handleCancellation
AVERTISSEMENT: Unmatched cancel notification for request id 255
[0m2021.11.05 15:48:55 WARN  no build target for: /home/bercyhub-wassim/Documents/Perso/Projet_Scala/src/main/airpor.scala[0m
[0m2021.11.05 15:48:58 INFO  running '/usr/lib/jvm/java-11-openjdk-amd64/bin/java -Djline.terminal=jline.UnsupportedTerminal -Dsbt.log.noformat=true -Dfile.encoding=UTF-8 -Dsbt.version=1.5.4 -jar /tmp/metals8062928259218012213/sbt-launch.jar -Dbloop.export-jar-classifiers=sources bloopInstall'[0m
[0m2021.11.05 15:48:58 ERROR [info] [launcher] getting org.scala-sbt sbt 1.5.4  (this may take some time)...[0m
[0m2021.11.05 15:48:58 WARN  no build target for: /home/bercyhub-wassim/Documents/Perso/Projet_Scala/project/metals.sbt[0m
[0m2021.11.05 15:48:58 WARN  no build target for: /home/bercyhub-wassim/Documents/Perso/Projet_Scala/project/project/metals.sbt[0m
[0m2021.11.05 15:48:58 INFO  skipping build import with status 'Dismissed'[0m
[0m2021.11.05 15:49:35 ERROR downloading https://repo1.maven.org/maven2/org/scala-sbt/sbt/1.5.4/sbt-1.5.4.jar ...[0m
[0m2021.11.05 15:49:35 ERROR downloading https://repo1.maven.org/maven2/org/scala-lang/scala-library/2.12.14/scala-library-2.12.14.jar ...[0m
[0m2021.11.05 15:49:35 ERROR downloading https://repo1.maven.org/maven2/org/scala-sbt/main_2.12/1.5.4/main_2.12-1.5.4.jar ...[0m
[0m2021.11.05 15:49:35 ERROR downloading https://repo1.maven.org/maven2/org/scala-sbt/io_2.12/1.5.1/io_2.12-1.5.1.jar ...[0m
[0m2021.11.05 15:49:35 ERROR downloading https://repo1.maven.org/maven2/org/scala-sbt/run_2.12/1.5.4/run_2.12-1.5.4.jar ...[0m
[0m2021.11.05 15:49:35 ERROR downloading https://repo1.maven.org/maven2/org/scala-sbt/main-settings_2.12/1.5.4/main-settings_2.12-1.5.4.jar ...[0m
[0m2021.11.05 15:49:35 ERROR downloading https://repo1.maven.org/maven2/org/scala-sbt/logic_2.12/1.5.4/logic_2.12-1.5.4.jar ...[0m
[0m2021.11.05 15:49:35 ERROR downloading https://repo1.maven.org/maven2/org/scala-sbt/command_2.12/1.5.4/command_2.12-1.5.4.jar ...[0m
[0m2021.11.05 15:49:35 ERROR downloading https://repo1.maven.org/maven2/org/scala-sbt/collections_2.12/1.5.4/collections_2.12-1.5.4.jar ...[0m
[0m2021.11.05 15:49:35 ERROR downloading https://repo1.maven.org/maven2/org/scala-sbt/actions_2.12/1.5.4/actions_2.12-1.5.4.jar ...[0m
[0m2021.11.05 15:49:35 ERROR downloading https://repo1.maven.org/maven2/org/scala-sbt/scripted-plugin_2.12/1.5.4/scripted-plugin_2.12-1.5.4.jar ...[0m
[0m2021.11.05 15:49:35 ERROR downloading https://repo1.maven.org/maven2/org/scala-sbt/zinc-lm-integration_2.12/1.5.4/zinc-lm-integration_2.12-1.5.4.jar ...[0m
[0m2021.11.05 15:49:35 ERROR downloading https://repo1.maven.org/maven2/org/scala-sbt/util-logging_2.12/1.5.4/util-logging_2.12-1.5.4.jar ...[0m
[0m2021.11.05 15:49:35 ERROR downloading https://repo1.maven.org/maven2/org/scala-sbt/launcher-interface/1.3.2/launcher-interface-1.3.2.jar ...[0m
[0m2021.11.05 15:49:35 ERROR downloading https://repo1.maven.org/maven2/com/github/ben-manes/caffeine/caffeine/2.8.5/caffeine-2.8.5.jar ...[0m
[0m2021.11.05 15:49:35 ERROR downloading https://repo1.maven.org/maven2/org/scala-lang/modules/scala-xml_2.12/1.3.0/scala-xml_2.12-1.3.0.jar ...[0m
[0m2021.11.05 15:49:35 ERROR :: loading settings :: url = jar:file:/tmp/metals8062928259218012213/sbt-launch.jar!/org/apache/ivy/core/settings/ivysettings.xml[0m
[0m2021.11.05 15:49:35 ERROR :: loading settings :: url = jar:file:/tmp/metals8062928259218012213/sbt-launch.jar!/org/apache/ivy/core/settings/ivysettings.xml[0m
[0m2021.11.05 15:49:35 ERROR :: loading settings :: url = jar:file:/tmp/metals8062928259218012213/sbt-launch.jar!/org/apache/ivy/core/settings/ivysettings.xml[0m
[0m2021.11.05 15:49:35 ERROR :: loading settings :: url = jar:file:/tmp/metals8062928259218012213/sbt-launch.jar!/org/apache/ivy/core/settings/ivysettings.xml[0m
[0m2021.11.05 15:49:35 ERROR :: loading settings :: url = jar:file:/tmp/metals8062928259218012213/sbt-launch.jar!/org/apache/ivy/core/settings/ivysettings.xml[0m
[0m2021.11.05 15:49:35 ERROR :: loading settings :: url = jar:file:/tmp/metals8062928259218012213/sbt-launch.jar!/org/apache/ivy/core/settings/ivysettings.xml[0m
[0m2021.11.05 15:49:35 ERROR :: loading settings :: url = jar:file:/tmp/metals8062928259218012213/sbt-launch.jar!/org/apache/ivy/core/settings/ivysettings.xml[0m
[0m2021.11.05 15:49:35 ERROR :: loading settings :: url = jar:file:/tmp/metals8062928259218012213/sbt-launch.jar!/org/apache/ivy/core/settings/ivysettings.xml[0m
[0m2021.11.05 15:49:35 ERROR :: loading settings :: url = jar:file:/tmp/metals8062928259218012213/sbt-launch.jar!/org/apache/ivy/core/settings/ivysettings.xml[0m
[0m2021.11.05 15:49:35 ERROR :: loading settings :: url = jar:file:/tmp/metals8062928259218012213/sbt-launch.jar!/org/apache/ivy/core/settings/ivysettings.xml[0m
[0m2021.11.05 15:49:35 ERROR :: loading settings :: url = jar:file:/tmp/metals8062928259218012213/sbt-launch.jar!/org/apache/ivy/core/settings/ivysettings.xml[0m
[0m2021.11.05 15:49:35 ERROR :: loading settings :: url = jar:file:/tmp/metals8062928259218012213/sbt-launch.jar!/org/apache/ivy/core/settings/ivysettings.xml[0m
[0m2021.11.05 15:49:35 ERROR :: loading settings :: url = jar:file:/tmp/metals8062928259218012213/sbt-launch.jar!/org/apache/ivy/core/settings/ivysettings.xml[0m
[0m2021.11.05 15:49:35 ERROR :: loading settings :: url = jar:file:/tmp/metals8062928259218012213/sbt-launch.jar!/org/apache/ivy/core/settings/ivysettings.xml[0m
[0m2021.11.05 15:49:35 ERROR :: loading settings :: url = jar:file:/tmp/metals8062928259218012213/sbt-launch.jar!/org/apache/ivy/core/settings/ivysettings.xml[0m
[0m2021.11.05 15:49:35 ERROR :: loading settings :: url = jar:file:/tmp/metals8062928259218012213/sbt-launch.jar!/org/apache/ivy/core/settings/ivysettings.xml[0m
[0m2021.11.05 15:49:35 ERROR 	[SUCCESSFUL ] org.scala-sbt#actions_2.12;1.5.4!actions_2.12.jar (77ms)[0m
[0m2021.11.05 15:49:35 ERROR downloading https://repo1.maven.org/maven2/io/get-coursier/lm-coursier-shaded_2.12/2.0.8/lm-coursier-shaded_2.12-2.0.8.jar ...[0m
[0m2021.11.05 15:49:35 ERROR 	[SUCCESSFUL ] org.scala-sbt#launcher-interface;1.3.2!launcher-interface.jar (143ms)[0m
[0m2021.11.05 15:49:35 ERROR 	[SUCCESSFUL ] org.scala-sbt#scripted-plugin_2.12;1.5.4!scripted-plugin_2.12.jar (144ms)[0m
[0m2021.11.05 15:49:35 ERROR downloading https://repo1.maven.org/maven2/org/apache/logging/log4j/log4j-api/2.11.2/log4j-api-2.11.2.jar ...[0m
[0m2021.11.05 15:49:35 ERROR downloading https://repo1.maven.org/maven2/org/apache/logging/log4j/log4j-core/2.11.2/log4j-core-2.11.2.jar ...[0m
[0m2021.11.05 15:49:35 ERROR 	[SUCCESSFUL ] org.scala-sbt#zinc-lm-integration_2.12;1.5.4!zinc-lm-integration_2.12.jar (171ms)[0m
[0m2021.11.05 15:49:35 ERROR downloading https://repo1.maven.org/maven2/org/apache/logging/log4j/log4j-slf4j-impl/2.11.2/log4j-slf4j-impl-2.11.2.jar ...[0m
[0m2021.11.05 15:49:35 ERROR 	[SUCCESSFUL ] org.scala-sbt#sbt;1.5.4!sbt.jar (183ms)[0m
[0m2021.11.05 15:49:35 ERROR downloading https://repo1.maven.org/maven2/org/scala-sbt/librarymanagement-core_2.12/1.5.2/librarymanagement-core_2.12-1.5.2.jar ...[0m
[0m2021.11.05 15:49:35 ERROR 	[SUCCESSFUL ] org.scala-sbt#run_2.12;1.5.4!run_2.12.jar (187ms)[0m
[0m2021.11.05 15:49:35 ERROR downloading https://repo1.maven.org/maven2/org/scala-sbt/librarymanagement-ivy_2.12/1.5.2/librarymanagement-ivy_2.12-1.5.2.jar ...[0m
[0m2021.11.05 15:49:35 ERROR 	[SUCCESSFUL ] org.scala-sbt#logic_2.12;1.5.4!logic_2.12.jar (209ms)[0m
[0m2021.11.05 15:49:35 ERROR downloading https://repo1.maven.org/maven2/org/scala-sbt/compiler-interface/1.5.5/compiler-interface-1.5.5.jar ...[0m
[0m2021.11.05 15:49:35 ERROR 	[SUCCESSFUL ] org.scala-sbt#collections_2.12;1.5.4!collections_2.12.jar (231ms)[0m
[0m2021.11.05 15:49:35 ERROR downloading https://repo1.maven.org/maven2/org/scala-sbt/zinc-compile_2.12/1.5.5/zinc-compile_2.12-1.5.5.jar ...[0m
[0m2021.11.05 15:49:35 ERROR 	[SUCCESSFUL ] org.scala-sbt#main-settings_2.12;1.5.4!main-settings_2.12.jar (283ms)[0m
[0m2021.11.05 15:49:35 ERROR downloading https://repo1.maven.org/maven2/org/scala-sbt/util-relation_2.12/1.5.4/util-relation_2.12-1.5.4.jar ...[0m
[0m2021.11.05 15:49:35 ERROR 	[SUCCESSFUL ] org.scala-sbt#util-logging_2.12;1.5.4!util-logging_2.12.jar (310ms)[0m
[0m2021.11.05 15:49:35 ERROR downloading https://repo1.maven.org/maven2/org/scala-sbt/util-position_2.12/1.5.4/util-position_2.12-1.5.4.jar ...[0m
[0m2021.11.05 15:49:35 ERROR 	[SUCCESSFUL ] org.apache.logging.log4j#log4j-slf4j-impl;2.11.2!log4j-slf4j-impl.jar (140ms)[0m
[0m2021.11.05 15:49:35 ERROR downloading https://repo1.maven.org/maven2/com/eed3si9n/sjson-new-scalajson_2.12/0.9.1/sjson-new-scalajson_2.12-0.9.1.jar ...[0m
[0m2021.11.05 15:49:35 ERROR 	[SUCCESSFUL ] org.scala-sbt#command_2.12;1.5.4!command_2.12.jar (336ms)[0m
[0m2021.11.05 15:49:35 ERROR downloading https://repo1.maven.org/maven2/org/scala-lang/scala-reflect/2.12.14/scala-reflect-2.12.14.jar ...[0m
[0m2021.11.05 15:49:35 ERROR 	[SUCCESSFUL ] org.apache.logging.log4j#log4j-api;2.11.2!log4j-api.jar (204ms)[0m
[0m2021.11.05 15:49:35 ERROR downloading https://repo1.maven.org/maven2/com/eed3si9n/sjson-new-core_2.12/0.9.1/sjson-new-core_2.12-0.9.1.jar ...[0m
[0m2021.11.05 15:49:35 ERROR 	[SUCCESSFUL ] org.scala-lang.modules#scala-xml_2.12;1.3.0!scala-xml_2.12.jar(bundle) (346ms)[0m
[0m2021.11.05 15:49:35 ERROR downloading https://repo1.maven.org/maven2/com/eed3si9n/shaded-jawn-parser_2.12/0.9.1/shaded-jawn-parser_2.12-0.9.1.jar ...[0m
[0m2021.11.05 15:49:35 ERROR 	[SUCCESSFUL ] org.scala-sbt#zinc-compile_2.12;1.5.5!zinc-compile_2.12.jar (135ms)[0m
[0m2021.11.05 15:49:35 ERROR downloading https://repo1.maven.org/maven2/com/eed3si9n/shaded-scalajson_2.12/1.0.0-M4/shaded-scalajson_2.12-1.0.0-M4.jar ...[0m
[0m2021.11.05 15:49:35 ERROR 	[SUCCESSFUL ] org.scala-sbt#compiler-interface;1.5.5!compiler-interface.jar (157ms)[0m
[0m2021.11.05 15:49:35 ERROR downloading https://repo1.maven.org/maven2/org/scala-sbt/completion_2.12/1.5.4/completion_2.12-1.5.4.jar ...[0m
[0m2021.11.05 15:49:35 ERROR 	[SUCCESSFUL ] org.scala-sbt#io_2.12;1.5.1!io_2.12.jar (383ms)[0m
[0m2021.11.05 15:49:35 ERROR downloading https://repo1.maven.org/maven2/org/scala-sbt/task-system_2.12/1.5.4/task-system_2.12-1.5.4.jar ...[0m
[0m2021.11.05 15:49:35 ERROR 	[SUCCESSFUL ] com.github.ben-manes.caffeine#caffeine;2.8.5!caffeine.jar (437ms)[0m
[0m2021.11.05 15:49:35 ERROR downloading https://repo1.maven.org/maven2/org/scala-sbt/tasks_2.12/1.5.4/tasks_2.12-1.5.4.jar ...[0m
[0m2021.11.05 15:49:35 ERROR 	[SUCCESSFUL ] org.scala-sbt#util-position_2.12;1.5.4!util-position_2.12.jar (136ms)[0m
[0m2021.11.05 15:49:35 ERROR 	[SUCCESSFUL ] com.eed3si9n#sjson-new-scalajson_2.12;0.9.1!sjson-new-scalajson_2.12.jar (135ms)[0m
[0m2021.11.05 15:49:35 ERROR downloading https://repo1.maven.org/maven2/org/scala-sbt/testing_2.12/1.5.4/testing_2.12-1.5.4.jar ...[0m
[0m2021.11.05 15:49:35 ERROR downloading https://repo1.maven.org/maven2/org/scala-sbt/util-tracking_2.12/1.5.4/util-tracking_2.12-1.5.4.jar ...[0m
[0m2021.11.05 15:49:35 ERROR 	[SUCCESSFUL ] org.scala-sbt#librarymanagement-core_2.12;1.5.2!librarymanagement-core_2.12.jar (271ms)[0m
[0m2021.11.05 15:49:35 ERROR downloading https://repo1.maven.org/maven2/org/jline/jline-terminal/3.19.0/jline-terminal-3.19.0.jar ...[0m
[0m2021.11.05 15:49:35 ERROR 	[SUCCESSFUL ] com.eed3si9n#shaded-jawn-parser_2.12;0.9.1!shaded-jawn-parser_2.12.jar (122ms)[0m
[0m2021.11.05 15:49:35 ERROR downloading https://repo1.maven.org/maven2/org/scala-sbt/zinc-classpath_2.12/1.5.5/zinc-classpath_2.12-1.5.5.jar ...[0m
[0m2021.11.05 15:49:35 ERROR 	[SUCCESSFUL ] org.scala-sbt#librarymanagement-ivy_2.12;1.5.2!librarymanagement-ivy_2.12.jar (288ms)[0m
[0m2021.11.05 15:49:35 ERROR downloading https://repo1.maven.org/maven2/org/scala-sbt/zinc-apiinfo_2.12/1.5.5/zinc-apiinfo_2.12-1.5.5.jar ...[0m
[0m2021.11.05 15:49:35 ERROR 	[SUCCESSFUL ] org.scala-sbt#util-relation_2.12;1.5.4!util-relation_2.12.jar (200ms)[0m
[0m2021.11.05 15:49:35 ERROR downloading https://repo1.maven.org/maven2/org/scala-sbt/zinc_2.12/1.5.5/zinc_2.12-1.5.5.jar ...[0m
[0m2021.11.05 15:49:35 ERROR 	[SUCCESSFUL ] com.eed3si9n#shaded-scalajson_2.12;1.0.0-M4!shaded-scalajson_2.12.jar (123ms)[0m
[0m2021.11.05 15:49:35 ERROR downloading https://repo1.maven.org/maven2/org/scala-sbt/util-control_2.12/1.5.4/util-control_2.12-1.5.4.jar ...[0m
[0m2021.11.05 15:49:35 ERROR 	[SUCCESSFUL ] org.scala-sbt#task-system_2.12;1.5.4!task-system_2.12.jar (121ms)[0m
[0m2021.11.05 15:49:35 ERROR downloading https://repo1.maven.org/maven2/org/scala-sbt/jline/jline/2.14.7-sbt-a1b0ffbb8f64bb820f4f84a0c07a0c0964507493/jline-2.14.7-sbt-a1b0ffbb8f64bb820f4f84a0c07a0c0964507493.jar ...[0m
[0m2021.11.05 15:49:35 ERROR 	[SUCCESSFUL ] org.scala-sbt#completion_2.12;1.5.4!completion_2.12.jar (142ms)[0m
[0m2021.11.05 15:49:35 ERROR downloading https://repo1.maven.org/maven2/org/jline/jline-reader/3.19.0/jline-reader-3.19.0.jar ...[0m
[0m2021.11.05 15:49:35 ERROR 	[SUCCESSFUL ] org.scala-sbt#util-tracking_2.12;1.5.4!util-tracking_2.12.jar (91ms)[0m
[0m2021.11.05 15:49:35 ERROR downloading https://repo1.maven.org/maven2/org/jline/jline-builtins/3.19.0/jline-builtins-3.19.0.jar ...[0m
[0m2021.11.05 15:49:35 ERROR 	[SUCCESSFUL ] org.apache.logging.log4j#log4j-core;2.11.2!log4j-core.jar (400ms)[0m
[0m2021.11.05 15:49:35 ERROR downloading https://repo1.maven.org/maven2/org/scala-sbt/util-interface/1.5.4/util-interface-1.5.4.jar ...[0m
[0m2021.11.05 15:49:35 ERROR 	[SUCCESSFUL ] org.scala-sbt#tasks_2.12;1.5.4!tasks_2.12.jar (110ms)[0m
[0m2021.11.05 15:49:35 ERROR downloading https://repo1.maven.org/maven2/org/scala-sbt/core-macros_2.12/1.5.4/core-macros_2.12-1.5.4.jar ...[0m
[0m2021.11.05 15:49:35 ERROR 	[SUCCESSFUL ] org.scala-sbt#testing_2.12;1.5.4!testing_2.12.jar (104ms)[0m
[0m2021.11.05 15:49:35 ERROR downloading https://repo1.maven.org/maven2/org/jline/jline-terminal-jna/3.19.0/jline-terminal-jna-3.19.0.jar ...[0m
[0m2021.11.05 15:49:35 ERROR 	[SUCCESSFUL ] io.get-coursier#lm-coursier-shaded_2.12;2.0.8!lm-coursier-shaded_2.12.jar (476ms)[0m
[0m2021.11.05 15:49:35 ERROR downloading https://repo1.maven.org/maven2/org/jline/jline-terminal-jansi/3.19.0/jline-terminal-jansi-3.19.0.jar ...[0m
[0m2021.11.05 15:49:35 ERROR 	[SUCCESSFUL ] org.scala-sbt#zinc-apiinfo_2.12;1.5.5!zinc-apiinfo_2.12.jar (80ms)[0m
[0m2021.11.05 15:49:35 ERROR downloading https://repo1.maven.org/maven2/com/lmax/disruptor/3.4.2/disruptor-3.4.2.jar ...[0m
[0m2021.11.05 15:49:35 ERROR 	[SUCCESSFUL ] org.jline#jline-terminal;3.19.0!jline-terminal.jar (104ms)[0m
[0m2021.11.05 15:49:35 ERROR downloading https://repo1.maven.org/maven2/org/scala-lang/scala-compiler/2.12.14/scala-compiler-2.12.14.jar ...[0m
[0m2021.11.05 15:49:35 ERROR 	[SUCCESSFUL ] org.scala-sbt#zinc_2.12;1.5.5!zinc_2.12.jar (81ms)[0m
[0m2021.11.05 15:49:35 ERROR downloading https://repo1.maven.org/maven2/org/fusesource/jansi/jansi/2.1.0/jansi-2.1.0.jar ...[0m
[0m2021.11.05 15:49:35 ERROR 	[SUCCESSFUL ] com.eed3si9n#sjson-new-core_2.12;0.9.1!sjson-new-core_2.12.jar (216ms)[0m
[0m2021.11.05 15:49:35 ERROR downloading https://repo1.maven.org/maven2/com/swoval/file-tree-views/2.1.6/file-tree-views-2.1.6.jar ...[0m
[0m2021.11.05 15:49:35 ERROR 	[SUCCESSFUL ] org.scala-sbt#util-control_2.12;1.5.4!util-control_2.12.jar (79ms)[0m
[0m2021.11.05 15:49:35 ERROR downloading https://repo1.maven.org/maven2/net/java/dev/jna/jna/5.5.0/jna-5.5.0.jar ...[0m
[0m2021.11.05 15:49:35 ERROR 	[SUCCESSFUL ] org.scala-sbt#zinc-classpath_2.12;1.5.5!zinc-classpath_2.12.jar (99ms)[0m
[0m2021.11.05 15:49:35 ERROR downloading https://repo1.maven.org/maven2/net/java/dev/jna/jna-platform/5.5.0/jna-platform-5.5.0.jar ...[0m
[0m2021.11.05 15:49:35 ERROR 	[SUCCESSFUL ] org.scala-sbt.jline#jline;2.14.7-sbt-a1b0ffbb8f64bb820f4f84a0c07a0c0964507493!jline.jar (99ms)[0m
[0m2021.11.05 15:49:35 ERROR downloading https://repo1.maven.org/maven2/org/jline/jline-style/3.19.0/jline-style-3.19.0.jar ...[0m
[0m2021.11.05 15:49:35 ERROR 	[SUCCESSFUL ] org.jline#jline-reader;3.19.0!jline-reader.jar (94ms)[0m
[0m2021.11.05 15:49:35 ERROR downloading https://repo1.maven.org/maven2/org/scala-sbt/util-cache_2.12/1.5.4/util-cache_2.12-1.5.4.jar ...[0m
[0m2021.11.05 15:49:35 ERROR 	[SUCCESSFUL ] org.scala-sbt#util-interface;1.5.4!util-interface.jar (84ms)[0m
[0m2021.11.05 15:49:35 ERROR downloading https://repo1.maven.org/maven2/com/eed3si9n/sjson-new-murmurhash_2.12/0.9.1/sjson-new-murmurhash_2.12-0.9.1.jar ...[0m
[0m2021.11.05 15:49:35 ERROR 	[SUCCESSFUL ] org.scala-sbt#core-macros_2.12;1.5.4!core-macros_2.12.jar (111ms)[0m
[0m2021.11.05 15:49:35 ERROR downloading https://repo1.maven.org/maven2/org/scala-sbt/test-agent/1.5.4/test-agent-1.5.4.jar ...[0m
[0m2021.11.05 15:49:35 ERROR 	[SUCCESSFUL ] org.jline#jline-terminal-jansi;3.19.0!jline-terminal-jansi.jar (111ms)[0m
[0m2021.11.05 15:49:35 ERROR downloading https://repo1.maven.org/maven2/org/scala-sbt/test-interface/1.0/test-interface-1.0.jar ...[0m
[0m2021.11.05 15:49:35 ERROR 	[SUCCESSFUL ] org.jline#jline-terminal-jna;3.19.0!jline-terminal-jna.jar (120ms)[0m
[0m2021.11.05 15:49:35 ERROR downloading https://repo1.maven.org/maven2/org/scala-sbt/compiler-bridge_2.12/1.5.5/compiler-bridge_2.12-1.5.5.jar ...[0m
[0m2021.11.05 15:49:35 ERROR 	[SUCCESSFUL ] com.swoval#file-tree-views;2.1.6!file-tree-views.jar (110ms)[0m
[0m2021.11.05 15:49:35 ERROR downloading https://repo1.maven.org/maven2/org/scala-sbt/zinc-classfile_2.12/1.5.5/zinc-classfile_2.12-1.5.5.jar ...[0m
[0m2021.11.05 15:49:35 ERROR 	[SUCCESSFUL ] com.lmax#disruptor;3.4.2!disruptor.jar (126ms)[0m
[0m2021.11.05 15:49:35 ERROR downloading https://repo1.maven.org/maven2/com/jcraft/jsch/0.1.54/jsch-0.1.54.jar ...[0m
[0m2021.11.05 15:49:35 ERROR 	[SUCCESSFUL ] org.jline#jline-builtins;3.19.0!jline-builtins.jar (151ms)[0m
[0m2021.11.05 15:49:35 ERROR downloading https://repo1.maven.org/maven2/com/eed3si9n/gigahorse-okhttp_2.12/0.5.0/gigahorse-okhttp_2.12-0.5.0.jar ...[0m
[0m2021.11.05 15:49:35 ERROR 	[SUCCESSFUL ] org.jline#jline-style;3.19.0!jline-style.jar (95ms)[0m
[0m2021.11.05 15:49:35 ERROR downloading https://repo1.maven.org/maven2/com/squareup/okhttp3/okhttp-urlconnection/3.7.0/okhttp-urlconnection-3.7.0.jar ...[0m
[0m2021.11.05 15:49:35 ERROR 	[SUCCESSFUL ] org.fusesource.jansi#jansi;2.1.0!jansi.jar (135ms)[0m
[0m2021.11.05 15:49:35 ERROR downloading https://repo1.maven.org/maven2/com/eed3si9n/gigahorse-core_2.12/0.5.0/gigahorse-core_2.12-0.5.0.jar ...[0m
[0m2021.11.05 15:49:35 ERROR 	[SUCCESSFUL ] org.scala-sbt#util-cache_2.12;1.5.4!util-cache_2.12.jar (117ms)[0m
[0m2021.11.05 15:49:35 ERROR downloading https://repo1.maven.org/maven2/com/squareup/okhttp3/okhttp/3.14.2/okhttp-3.14.2.jar ...[0m
[0m2021.11.05 15:49:35 ERROR 	[SUCCESSFUL ] com.eed3si9n#sjson-new-murmurhash_2.12;0.9.1!sjson-new-murmurhash_2.12.jar (102ms)[0m
[0m2021.11.05 15:49:35 ERROR downloading https://repo1.maven.org/maven2/com/typesafe/ssl-config-core_2.12/0.4.0/ssl-config-core_2.12-0.4.0.jar ...[0m
[0m2021.11.05 15:49:35 ERROR 	[SUCCESSFUL ] org.scala-sbt#test-interface;1.0!test-interface.jar (84ms)[0m
[0m2021.11.05 15:49:35 ERROR downloading https://repo1.maven.org/maven2/org/reactivestreams/reactive-streams/1.0.2/reactive-streams-1.0.2.jar ...[0m
[0m2021.11.05 15:49:35 ERROR 	[SUCCESSFUL ] org.scala-sbt#test-agent;1.5.4!test-agent.jar (91ms)[0m
[0m2021.11.05 15:49:35 ERROR downloading https://repo1.maven.org/maven2/org/slf4j/slf4j-api/1.7.26/slf4j-api-1.7.26.jar ...[0m
[0m2021.11.05 15:49:35 ERROR 	[SUCCESSFUL ] org.scala-sbt#main_2.12;1.5.4!main_2.12.jar (768ms)[0m
[0m2021.11.05 15:49:35 ERROR downloading https://repo1.maven.org/maven2/org/scala-lang/modules/scala-parser-combinators_2.12/1.1.2/scala-parser-combinators_2.12-1.1.2.jar ...[0m
[0m2021.11.05 15:49:35 ERROR 	[SUCCESSFUL ] org.scala-sbt#compiler-bridge_2.12;1.5.5!compiler-bridge_2.12.jar (92ms)[0m
[0m2021.11.05 15:49:35 ERROR downloading https://repo1.maven.org/maven2/com/typesafe/config/1.3.3/config-1.3.3.jar ...[0m
[0m2021.11.05 15:49:35 ERROR 	[SUCCESSFUL ] org.scala-sbt#zinc-classfile_2.12;1.5.5!zinc-classfile_2.12.jar (92ms)[0m
[0m2021.11.05 15:49:35 ERROR downloading https://repo1.maven.org/maven2/com/squareup/okio/okio/1.17.2/okio-1.17.2.jar ...[0m
[0m2021.11.05 15:49:35 ERROR 	[SUCCESSFUL ] com.squareup.okhttp3#okhttp-urlconnection;3.7.0!okhttp-urlconnection.jar (78ms)[0m
[0m2021.11.05 15:49:35 ERROR downloading https://repo1.maven.org/maven2/org/scala-sbt/zinc-core_2.12/1.5.5/zinc-core_2.12-1.5.5.jar ...[0m
[0m2021.11.05 15:49:35 ERROR 	[SUCCESSFUL ] org.scala-lang#scala-reflect;2.12.14!scala-reflect.jar (442ms)[0m
[0m2021.11.05 15:49:35 ERROR downloading https://repo1.maven.org/maven2/org/scala-sbt/zinc-persist_2.12/1.5.5/zinc-persist_2.12-1.5.5.jar ...[0m
[0m2021.11.05 15:49:35 ERROR 	[SUCCESSFUL ] com.eed3si9n#gigahorse-okhttp_2.12;0.5.0!gigahorse-okhttp_2.12.jar (86ms)[0m
[0m2021.11.05 15:49:35 ERROR downloading https://repo1.maven.org/maven2/org/scala-sbt/zinc-compile-core_2.12/1.5.5/zinc-compile-core_2.12-1.5.5.jar ...[0m
[0m2021.11.05 15:49:35 ERROR 	[SUCCESSFUL ] com.eed3si9n#gigahorse-core_2.12;0.5.0!gigahorse-core_2.12.jar (92ms)[0m
[0m2021.11.05 15:49:35 ERROR downloading https://repo1.maven.org/maven2/org/scala-sbt/zinc-persist-core-assembly/1.5.5/zinc-persist-core-assembly-1.5.5.jar ...[0m
[0m2021.11.05 15:49:35 ERROR 	[SUCCESSFUL ] com.jcraft#jsch;0.1.54!jsch.jar (111ms)[0m
[0m2021.11.05 15:49:35 ERROR downloading https://repo1.maven.org/maven2/net/openhft/zero-allocation-hashing/0.10.1/zero-allocation-hashing-0.10.1.jar ...[0m
[0m2021.11.05 15:49:35 ERROR 	[SUCCESSFUL ] org.scala-lang#scala-library;2.12.14!scala-library.jar (827ms)[0m
[0m2021.11.05 15:49:35 ERROR downloading https://repo1.maven.org/maven2/org/scala-sbt/sbinary_2.12/0.5.1/sbinary_2.12-0.5.1.jar ...[0m
[0m2021.11.05 15:49:35 ERROR 	[SUCCESSFUL ] org.reactivestreams#reactive-streams;1.0.2!reactive-streams.jar (76ms)[0m
[0m2021.11.05 15:49:35 ERROR downloading https://repo1.maven.org/maven2/org/scala-sbt/protocol_2.12/1.5.4/protocol_2.12-1.5.4.jar ...[0m
[0m2021.11.05 15:49:35 ERROR 	[SUCCESSFUL ] org.slf4j#slf4j-api;1.7.26!slf4j-api.jar (74ms)[0m
[0m2021.11.05 15:49:35 ERROR downloading https://repo1.maven.org/maven2/org/scala-sbt/template-resolver/0.1/template-resolver-0.1.jar ...[0m
[0m2021.11.05 15:49:35 ERROR 	[SUCCESSFUL ] com.typesafe#ssl-config-core_2.12;0.4.0!ssl-config-core_2.12.jar(bundle) (96ms)[0m
[0m2021.11.05 15:49:35 ERROR downloading https://repo1.maven.org/maven2/org/scala-sbt/ipcsocket/ipcsocket/1.3.1/ipcsocket-1.3.1.jar ...[0m
[0m2021.11.05 15:49:35 ERROR 	[SUCCESSFUL ] com.squareup.okio#okio;1.17.2!okio.jar (73ms)[0m
[0m2021.11.05 15:49:35 ERROR downloading https://repo1.maven.org/maven2/org/checkerframework/checker-qual/3.4.1/checker-qual-3.4.1.jar ...[0m
[0m2021.11.05 15:49:35 ERROR 	[SUCCESSFUL ] org.scala-lang.modules#scala-parser-combinators_2.12;1.1.2!scala-parser-combinators_2.12.jar(bundle) (79ms)[0m
[0m2021.11.05 15:49:35 ERROR downloading https://repo1.maven.org/maven2/com/google/errorprone/error_prone_annotations/2.4.0/error_prone_annotations-2.4.0.jar ...[0m
[0m2021.11.05 15:49:35 ERROR 	[SUCCESSFUL ] com.squareup.okhttp3#okhttp;3.14.2!okhttp.jar (128ms)[0m
[0m2021.11.05 15:49:35 ERROR downloading https://repo1.maven.org/maven2/org/scala-lang/modules/scala-collection-compat_2.12/2.4.2/scala-collection-compat_2.12-2.4.2.jar ...[0m
[0m2021.11.05 15:49:35 ERROR 	[SUCCESSFUL ] net.java.dev.jna#jna;5.5.0!jna.jar (282ms)[0m
[0m2021.11.05 15:49:35 ERROR downloading https://repo1.maven.org/maven2/org/scala-sbt/ivy/ivy/2.3.0-sbt-fbc4f586aeeb1591710b14eb4f41b94880dcd745/ivy-2.3.0-sbt-fbc4f586aeeb1591710b14eb4f41b94880dcd745.jar ...[0m
[0m2021.11.05 15:49:35 ERROR 	[SUCCESSFUL ] org.scala-sbt#zinc-compile-core_2.12;1.5.5!zinc-compile-core_2.12.jar (88ms)[0m
[0m2021.11.05 15:49:35 ERROR 	[SUCCESSFUL ] org.scala-sbt#zinc-persist_2.12;1.5.5!zinc-persist_2.12.jar (110ms)[0m
[0m2021.11.05 15:49:35 ERROR 	[SUCCESSFUL ] net.openhft#zero-allocation-hashing;0.10.1!zero-allocation-hashing.jar(bundle) (95ms)[0m
[0m2021.11.05 15:49:35 ERROR 	[SUCCESSFUL ] com.typesafe#config;1.3.3!config.jar(bundle) (124ms)[0m
[0m2021.11.05 15:49:35 ERROR 	[SUCCESSFUL ] org.scala-sbt#zinc-core_2.12;1.5.5!zinc-core_2.12.jar (120ms)[0m
[0m2021.11.05 15:49:35 ERROR 	[SUCCESSFUL ] org.scala-sbt#template-resolver;0.1!template-resolver.jar (80ms)[0m
[0m2021.11.05 15:49:35 ERROR 	[SUCCESSFUL ] com.google.errorprone#error_prone_annotations;2.4.0!error_prone_annotations.jar (74ms)[0m
[0m2021.11.05 15:49:35 ERROR 	[SUCCESSFUL ] org.scala-sbt#protocol_2.12;1.5.4!protocol_2.12.jar (105ms)[0m
[0m2021.11.05 15:49:35 ERROR 	[SUCCESSFUL ] org.checkerframework#checker-qual;3.4.1!checker-qual.jar (89ms)[0m
[0m2021.11.05 15:49:35 ERROR 	[SUCCESSFUL ] org.scala-sbt#sbinary_2.12;0.5.1!sbinary_2.12.jar (112ms)[0m
[0m2021.11.05 15:49:35 ERROR 	[SUCCESSFUL ] org.scala-lang.modules#scala-collection-compat_2.12;2.4.2!scala-collection-compat_2.12.jar (110ms)[0m
[0m2021.11.05 15:49:35 ERROR 	[SUCCESSFUL ] org.scala-sbt.ipcsocket#ipcsocket;1.3.1!ipcsocket.jar (162ms)[0m
[0m2021.11.05 15:49:36 ERROR 	[SUCCESSFUL ] org.scala-sbt#zinc-persist-core-assembly;1.5.5!zinc-persist-core-assembly.jar (241ms)[0m
[0m2021.11.05 15:49:36 ERROR 	[SUCCESSFUL ] org.scala-sbt.ivy#ivy;2.3.0-sbt-fbc4f586aeeb1591710b14eb4f41b94880dcd745!ivy.jar (217ms)[0m
[0m2021.11.05 15:49:36 ERROR 	[SUCCESSFUL ] net.java.dev.jna#jna-platform;5.5.0!jna-platform.jar (623ms)[0m
[0m2021.11.05 15:49:36 ERROR 	[SUCCESSFUL ] org.scala-lang#scala-compiler;2.12.14!scala-compiler.jar (857ms)[0m
[0m2021.11.05 15:49:36 ERROR :: retrieving :: org.scala-sbt#boot-app[0m
[0m2021.11.05 15:49:36 ERROR 	confs: [default][0m
[0m2021.11.05 15:49:36 ERROR 	83 artifacts copied, 0 already retrieved[0m
[0m2021.11.05 15:49:36 ERROR [info] [launcher] getting Scala 2.12.14 (for sbt)...[0m
[0m2021.11.05 15:49:41 ERROR downloading https://repo1.maven.org/maven2/jline/jline/2.14.6/jline-2.14.6.jar ...[0m
[0m2021.11.05 15:49:41 ERROR downloading https://repo1.maven.org/maven2/org/fusesource/jansi/jansi/1.12/jansi-1.12.jar ...[0m
[0m2021.11.05 15:49:41 ERROR downloading https://repo1.maven.org/maven2/org/scala-lang/modules/scala-xml_2.12/1.0.6/scala-xml_2.12-1.0.6.jar ...[0m
[0m2021.11.05 15:49:41 ERROR 	[SUCCESSFUL ] org.fusesource.jansi#jansi;1.12!jansi.jar (58ms)[0m
[0m2021.11.05 15:49:41 ERROR 	[SUCCESSFUL ] jline#jline;2.14.6!jline.jar (64ms)[0m
[0m2021.11.05 15:49:41 ERROR 	[SUCCESSFUL ] org.scala-lang.modules#scala-xml_2.12;1.0.6!scala-xml_2.12.jar(bundle) (81ms)[0m
[0m2021.11.05 15:49:41 ERROR :: retrieving :: org.scala-sbt#boot-scala[0m
[0m2021.11.05 15:49:41 ERROR 	confs: [default][0m
[0m2021.11.05 15:49:41 ERROR 	6 artifacts copied, 0 already retrieved[0m
[0m2021.11.05 15:49:42 INFO  [info] Updated file /home/bercyhub-wassim/Documents/Perso/Projet_Scala/project/build.properties: set sbt.version to 1.5.4[0m
[0m2021.11.05 15:49:42 INFO  [info] welcome to sbt 1.5.4 (Ubuntu Java 11.0.11)[0m
[0m2021.11.05 15:49:42 INFO  skipping build import with status 'Dismissed'[0m
[0m2021.11.05 15:49:44 INFO  [info] loading settings for project projet_scala-build-build from metals.sbt ...[0m
[0m2021.11.05 15:49:44 INFO  [info] loading project definition from /home/bercyhub-wassim/Documents/Perso/Projet_Scala/project/project[0m
[0m2021.11.05 15:49:47 INFO  [info] loading settings for project projet_scala-build from metals.sbt ...[0m
[0m2021.11.05 15:49:47 INFO  [info] loading project definition from /home/bercyhub-wassim/Documents/Perso/Projet_Scala/project[0m
[0m2021.11.05 15:49:50 INFO  [success] Generated .bloop/projet_scala-build.json[0m
[0m2021.11.05 15:49:50 INFO  [success] Total time: 3 s, completed 5 nov. 2021 Ã  15:49:50[0m
[0m2021.11.05 15:49:50 INFO  [info] loading settings for project projet_scala from build.sbt ...[0m
[0m2021.11.05 15:49:50 INFO  [info] set current project to Simple Project (in build file:/home/bercyhub-wassim/Documents/Perso/Projet_Scala/)[0m
[0m2021.11.05 15:49:52 INFO  [success] Generated .bloop/projet_scala-test.json[0m
[0m2021.11.05 15:49:52 INFO  [success] Generated .bloop/projet_scala.json[0m
[0m2021.11.05 15:49:52 INFO  [success] Total time: 1 s, completed 5 nov. 2021 Ã  15:49:52[0m
[0m2021.11.05 15:49:52 INFO  time: ran 'sbt bloopInstall' in 54s[0m
[0m2021.11.05 15:49:52 INFO  Attempting to connect to the build server...[0m
Starting the bsp launcher for bloop...
Opening a bsp server connection with 'bsp --protocol local --socket /tmp/bsp-launcher10524347186859524068/bsp.socket'...
Waiting for the bsp connection to come up...
Waiting for the bsp connection to come up...
Waiting for the bsp connection to come up...
Waiting for the bsp connection to come up...
No server running at 127.0.0.1:8212, let's fire one...
Resolving ch.epfl.scala:bloop-frontend_2.12:1.4.11...
Starting bloop server at 127.0.0.1:8212...
Attempting a connection to the server...
Attempting a connection to the server...
Attempting a connection to the server...
[0m[32m[D][0m Loading 2 projects from '/home/bercyhub-wassim/Documents/Perso/Projet_Scala/.bloop'...
[0m[32m[D][0m Loading project from '/home/bercyhub-wassim/Documents/Perso/Projet_Scala/.bloop/projet_scala.json'
[0m[32m[D][0m Loading project from '/home/bercyhub-wassim/Documents/Perso/Projet_Scala/.bloop/projet_scala-test.json'
[0m[32m[D][0m Cache miss for scala instance org.scala-lang:scala-compiler:2.12.10.
[0m[32m[D][0m   => /home/bercyhub-wassim/.cache/coursier/v1/https/repo1.maven.org/maven2/jline/jline/2.14.6/jline-2.14.6.jar
[0m[32m[D][0m   => /home/bercyhub-wassim/.cache/coursier/v1/https/repo1.maven.org/maven2/org/fusesource/jansi/jansi/1.12/jansi-1.12.jar
[0m[32m[D][0m   => /home/bercyhub-wassim/.cache/coursier/v1/https/repo1.maven.org/maven2/org/scala-lang/modules/scala-xml_2.12/1.0.6/scala-xml_2.12-1.0.6.jar
[0m[32m[D][0m   => /home/bercyhub-wassim/.cache/coursier/v1/https/repo1.maven.org/maven2/org/scala-lang/scala-compiler/2.12.10/scala-compiler-2.12.10.jar
[0m[32m[D][0m   => /home/bercyhub-wassim/.cache/coursier/v1/https/repo1.maven.org/maven2/org/scala-lang/scala-library/2.12.10/scala-library-2.12.10.jar
[0m[32m[D][0m   => /home/bercyhub-wassim/.cache/coursier/v1/https/repo1.maven.org/maven2/org/scala-lang/scala-reflect/2.12.10/scala-reflect-2.12.10.jar
[0m[32m[D][0m Missing analysis file for project 'projet_scala-test'
[0m[32m[D][0m Missing analysis file for project 'projet_scala'
[0m[32m[D][0m Waiting for a connection at local:///tmp/bsp-launcher10524347186859524068/bsp.socket...
The server is listening for incoming connections at local:///tmp/bsp-launcher10524347186859524068/bsp.socket...
Starting thread that pumps stdin and redirects it to the bsp server...
Starting thread that pumps server stdout and redirects it to the client stdout...
[0m2021.11.05 15:49:56 INFO  tracing is disabled for protocol BSP, to enable tracing of incoming and outgoing JSON messages create an empty file at /home/bercyhub-wassim/.cache/metals/bsp.trace.json[0m
[0m2021.11.05 15:49:57 INFO  Attempting to connect to the build server...[0m
Starting the bsp launcher for bloop...
Opening a bsp server connection with 'bsp --protocol local --socket /tmp/bsp-launcher11886146840505543039/bsp.socket'...
Waiting for the bsp connection to come up...
[0m[32m[D][0m Loading workspace settings from bloop.settings.json
[0m[32m[D][0m Waiting for a connection at local:///tmp/bsp-launcher11886146840505543039/bsp.socket...
The server is listening for incoming connections at local:///tmp/bsp-launcher11886146840505543039/bsp.socket...
Starting thread that pumps stdin and redirects it to the bsp server...
Starting thread that pumps server stdout and redirects it to the client stdout...
[0m2021.11.05 15:49:57 INFO  tracing is disabled for protocol BSP, to enable tracing of incoming and outgoing JSON messages create an empty file at /home/bercyhub-wassim/.cache/metals/bsp.trace.json[0m
[0m2021.11.05 15:49:57 INFO  time: Connected to build server in 5.9s[0m
[0m2021.11.05 15:49:57 INFO  Connected to Build server: Bloop v1.4.11[0m
[0m2021.11.05 15:49:59 WARN  Could not find java sources in None. Java symbols will not be available.[0m
[0m2021.11.05 15:50:00 INFO  time: indexed workspace in 2.36s[0m
[0m2021.11.05 15:50:00 WARN  no build target for: /home/bercyhub-wassim/Documents/Perso/Projet_Scala/src/main/airpor.scala[0m
[0m2021.11.05 15:50:01 INFO  no build target: using presentation compiler with only scala-library: 2.12.14[0m
[0m2021.11.05 15:50:04 INFO  time: code lens generation in 3.54s[0m
[0m2021.11.05 15:52:11 WARN  no build target for: /home/bercyhub-wassim/Documents/Perso/Projet_Scala/project/metals.sbt[0m
nov. 05, 2021 3:52:13 PM org.eclipse.lsp4j.jsonrpc.RemoteEndpoint handleCancellation
AVERTISSEMENT: Unmatched cancel notification for request id 284
nov. 05, 2021 3:52:28 PM org.eclipse.lsp4j.jsonrpc.RemoteEndpoint handleCancellation
AVERTISSEMENT: Unmatched cancel notification for request id 290
nov. 05, 2021 3:52:29 PM org.eclipse.lsp4j.jsonrpc.RemoteEndpoint handleCancellation
AVERTISSEMENT: Unmatched cancel notification for request id 295
[0m2021.11.05 15:52:33 INFO  shutting down Metals[0m
[0m2021.11.05 15:52:33 INFO  Shut down connection with build server.[0m
[0m2021.11.05 15:52:33 INFO  Shut down connection with build server.[0m
No more data in the client stdin, exiting...
No more data in the client stdin, exiting...
No more data in the server stdin, exiting...
No more data in the server stdin, exiting...
No more data in the server stdin, exiting...
No more data in the server stdin, exiting...
[0m2021.11.10 21:25:09 INFO  Started: Metals version 0.10.9 in workspace '/home/bercyhub-wassim/Documents/Perso/Projet_Scala' for client Visual Studio Code 1.62.1.[0m
[0m2021.11.10 21:25:09 INFO  time: initialize in 0.41s[0m
[0m2021.11.10 21:25:10 INFO  Attempting to connect to the build server...[0m
Starting the bsp launcher for bloop...
Opening a bsp server connection with 'bsp --protocol local --socket /tmp/bsp-launcher1662015821526199874/bsp.socket'...
Waiting for the bsp connection to come up...
Waiting for the bsp connection to come up...
[0m2021.11.10 21:25:12 INFO  no build target: using presentation compiler with only scala-library: 3.1.0[0m
Waiting for the bsp connection to come up...
No server running at 127.0.0.1:8212, let's fire one...
Resolving ch.epfl.scala:bloop-frontend_2.12:1.4.11...
Starting bloop server at 127.0.0.1:8212...
Attempting a connection to the server...
Attempting a connection to the server...
Attempting a connection to the server...
Attempting a connection to the server...
Attempting a connection to the server...
[0m[32m[D][0m Loading workspace settings from bloop.settings.json
[0m[32m[D][0m Loading 2 projects from '/home/bercyhub-wassim/Documents/Perso/Projet_Scala/.bloop'...
[0m[32m[D][0m Loading project from '/home/bercyhub-wassim/Documents/Perso/Projet_Scala/.bloop/projet_scala-test.json'
[0m[32m[D][0m Loading project from '/home/bercyhub-wassim/Documents/Perso/Projet_Scala/.bloop/projet_scala.json'
[0m[32m[D][0m Cache miss for scala instance org.scala-lang:scala-compiler:2.12.10.
[0m[32m[D][0m   => /home/bercyhub-wassim/.cache/coursier/v1/https/repo1.maven.org/maven2/jline/jline/2.14.6/jline-2.14.6.jar
[0m[32m[D][0m   => /home/bercyhub-wassim/.cache/coursier/v1/https/repo1.maven.org/maven2/org/fusesource/jansi/jansi/1.12/jansi-1.12.jar
[0m[32m[D][0m   => /home/bercyhub-wassim/.cache/coursier/v1/https/repo1.maven.org/maven2/org/scala-lang/modules/scala-xml_2.12/1.0.6/scala-xml_2.12-1.0.6.jar
[0m[32m[D][0m   => /home/bercyhub-wassim/.cache/coursier/v1/https/repo1.maven.org/maven2/org/scala-lang/scala-compiler/2.12.10/scala-compiler-2.12.10.jar
[0m[32m[D][0m   => /home/bercyhub-wassim/.cache/coursier/v1/https/repo1.maven.org/maven2/org/scala-lang/scala-library/2.12.10/scala-library-2.12.10.jar
[0m[32m[D][0m   => /home/bercyhub-wassim/.cache/coursier/v1/https/repo1.maven.org/maven2/org/scala-lang/scala-reflect/2.12.10/scala-reflect-2.12.10.jar
[0m[32m[D][0m Configured Scala SemanticDB in projects 'projet_scala-test', 'projet_scala'
[0m[32m[D][0m Missing analysis file for project 'projet_scala-test'
[0m[32m[D][0m Missing analysis file for project 'projet_scala'
[0m[32m[D][0m Waiting for a connection at local:///tmp/bsp-launcher1662015821526199874/bsp.socket...
The server is listening for incoming connections at local:///tmp/bsp-launcher1662015821526199874/bsp.socket...
Starting thread that pumps stdin and redirects it to the bsp server...
Starting thread that pumps server stdout and redirects it to the client stdout...
[0m2021.11.10 21:25:12 INFO  tracing is disabled for protocol BSP, to enable tracing of incoming and outgoing JSON messages create an empty file at /home/bercyhub-wassim/.cache/metals/bsp.trace.json[0m
[0m2021.11.10 21:25:12 INFO  time: Connected to build server in 3.11s[0m
[0m2021.11.10 21:25:12 INFO  Connected to Build server: Bloop v1.4.11[0m
[0m2021.11.10 21:25:13 INFO  time: code lens generation in 2.94s[0m
[0m2021.11.10 21:25:13 WARN  no build target for: /home/bercyhub-wassim/Documents/Perso/Projet_Scala/airpor.scala[0m
[0m2021.11.10 21:25:14 INFO  no build target: using presentation compiler with only scala-library: 3.1.0[0m
[0m2021.11.10 21:25:15 INFO  time: code lens generation in 3.19s[0m
[0m2021.11.10 21:25:15 WARN  Could not find java sources in None. Java symbols will not be available.[0m
[0m2021.11.10 21:25:15 INFO  time: indexed workspace in 1.99s[0m
[0m2021.11.10 21:25:15 WARN  no build target for: /home/bercyhub-wassim/Documents/Perso/Projet_Scala/airpor.scala[0m
[0m2021.11.10 21:25:15 WARN  no build target for: /home/bercyhub-wassim/Documents/Perso/Projet_Scala/airpor.scala[0m
[0m2021.11.10 21:25:16 INFO  no build target: using presentation compiler with only scala-library: 2.12.10[0m
nov. 10, 2021 9:25:18 PM scala.meta.internal.pc.CompilerAccess handleError
GRAVE: file%3A%2F%2F%2Fhome%2Fbercyhub-wassim%2FDocuments%2FPerso%2FProjet_Scala%2Fairpor.scala:1: error: expected class or object definition identifier
test
^
file%3A%2F%2F%2Fhome%2Fbercyhub-wassim%2FDocuments%2FPerso%2FProjet_Scala%2Fairpor.scala:1: error: expected class or object definition identifier
test
^
	at scala.meta.internal.parsers.Reporter.syntaxError(Reporter.scala:16)
	at scala.meta.internal.parsers.Reporter.syntaxError$(Reporter.scala:16)
	at scala.meta.internal.parsers.Reporter$$anon$1.syntaxError(Reporter.scala:22)
	at scala.meta.internal.parsers.Reporter.syntaxError(Reporter.scala:17)
	at scala.meta.internal.parsers.Reporter.syntaxError$(Reporter.scala:17)
	at scala.meta.internal.parsers.Reporter$$anon$1.syntaxError(Reporter.scala:22)
	at scala.meta.internal.parsers.ScalametaParser.statSeq(ScalametaParser.scala:5072)
	at scala.meta.internal.parsers.ScalametaParser.topStatSeq(ScalametaParser.scala:5079)
	at scala.meta.internal.parsers.ScalametaParser.$anonfun$batchSource$1(ScalametaParser.scala:5310)
	at scala.meta.internal.parsers.ScalametaParser.atPos(ScalametaParser.scala:888)
	at scala.meta.internal.parsers.ScalametaParser.autoPos(ScalametaParser.scala:922)
	at scala.meta.internal.parsers.ScalametaParser.batchSource(ScalametaParser.scala:5269)
	at scala.meta.internal.parsers.ScalametaParser.$anonfun$source$1(ScalametaParser.scala:5252)
	at scala.meta.internal.parsers.ScalametaParser.atPos(ScalametaParser.scala:888)
	at scala.meta.internal.parsers.ScalametaParser.autoPos(ScalametaParser.scala:922)
	at scala.meta.internal.parsers.ScalametaParser.source(ScalametaParser.scala:5251)
	at scala.meta.internal.parsers.ScalametaParser.entrypointSource(ScalametaParser.scala:5257)
	at scala.meta.internal.parsers.ScalametaParser.$anonfun$parseSource$2(ScalametaParser.scala:143)
	at scala.meta.internal.parsers.ScalametaParser.parseRule(ScalametaParser.scala:53)
	at scala.meta.internal.parsers.ScalametaParser.parseSource(ScalametaParser.scala:143)
	at scala.meta.parsers.Parse$.$anonfun$parseSource$1(Parse.scala:29)
	at scala.meta.internal.parsers.ScalametaParser$$anon$264.apply(ScalametaParser.scala:5321)
	at scala.meta.parsers.Api$XtensionParseDialectInput.parse(Api.scala:25)
	at scala.meta.internal.semanticdb.scalac.ParseOps$XtensionCompilationUnitSource.toSource(ParseOps.scala:17)
	at scala.meta.internal.semanticdb.scalac.TextDocumentOps$XtensionCompilationUnitDocument.toTextDocument(TextDocumentOps.scala:201)
	at scala.meta.internal.pc.SemanticdbTextDocumentProvider.textDocument(SemanticdbTextDocumentProvider.scala:51)

nov. 10, 2021 9:25:18 PM scala.meta.internal.pc.CompilerAccess handleError
GRAVE: file%3A%2F%2F%2Fhome%2Fbercyhub-wassim%2FDocuments%2FPerso%2FProjet_Scala%2Fairpor.scala:1: error: expected class or object definition identifier
test
^
file%3A%2F%2F%2Fhome%2Fbercyhub-wassim%2FDocuments%2FPerso%2FProjet_Scala%2Fairpor.scala:1: error: expected class or object definition identifier
test
^
	at scala.meta.internal.parsers.Reporter.syntaxError(Reporter.scala:16)
	at scala.meta.internal.parsers.Reporter.syntaxError$(Reporter.scala:16)
	at scala.meta.internal.parsers.Reporter$$anon$1.syntaxError(Reporter.scala:22)
	at scala.meta.internal.parsers.Reporter.syntaxError(Reporter.scala:17)
	at scala.meta.internal.parsers.Reporter.syntaxError$(Reporter.scala:17)
	at scala.meta.internal.parsers.Reporter$$anon$1.syntaxError(Reporter.scala:22)
	at scala.meta.internal.parsers.ScalametaParser.statSeq(ScalametaParser.scala:5072)
	at scala.meta.internal.parsers.ScalametaParser.topStatSeq(ScalametaParser.scala:5079)
	at scala.meta.internal.parsers.ScalametaParser.$anonfun$batchSource$1(ScalametaParser.scala:5310)
	at scala.meta.internal.parsers.ScalametaParser.atPos(ScalametaParser.scala:888)
	at scala.meta.internal.parsers.ScalametaParser.autoPos(ScalametaParser.scala:922)
	at scala.meta.internal.parsers.ScalametaParser.batchSource(ScalametaParser.scala:5269)
	at scala.meta.internal.parsers.ScalametaParser.$anonfun$source$1(ScalametaParser.scala:5252)
	at scala.meta.internal.parsers.ScalametaParser.atPos(ScalametaParser.scala:888)
	at scala.meta.internal.parsers.ScalametaParser.autoPos(ScalametaParser.scala:922)
	at scala.meta.internal.parsers.ScalametaParser.source(ScalametaParser.scala:5251)
	at scala.meta.internal.parsers.ScalametaParser.entrypointSource(ScalametaParser.scala:5257)
	at scala.meta.internal.parsers.ScalametaParser.$anonfun$parseSource$2(ScalametaParser.scala:143)
	at scala.meta.internal.parsers.ScalametaParser.parseRule(ScalametaParser.scala:53)
	at scala.meta.internal.parsers.ScalametaParser.parseSource(ScalametaParser.scala:143)
	at scala.meta.parsers.Parse$.$anonfun$parseSource$1(Parse.scala:29)
	at scala.meta.internal.parsers.ScalametaParser$$anon$264.apply(ScalametaParser.scala:5321)
	at scala.meta.parsers.Api$XtensionParseDialectInput.parse(Api.scala:25)
	at scala.meta.internal.semanticdb.scalac.ParseOps$XtensionCompilationUnitSource.toSource(ParseOps.scala:17)
	at scala.meta.internal.semanticdb.scalac.TextDocumentOps$XtensionCompilationUnitDocument.toTextDocument(TextDocumentOps.scala:201)
	at scala.meta.internal.pc.SemanticdbTextDocumentProvider.textDocument(SemanticdbTextDocumentProvider.scala:51)

nov. 10, 2021 9:25:21 PM scala.meta.internal.pc.CompilerAccess handleError
GRAVE: file%3A%2F%2F%2Fhome%2Fbercyhub-wassim%2FDocuments%2FPerso%2FProjet_Scala%2Fairpor.scala:1: error: expected class or object definition identifier
test
^
file%3A%2F%2F%2Fhome%2Fbercyhub-wassim%2FDocuments%2FPerso%2FProjet_Scala%2Fairpor.scala:1: error: expected class or object definition identifier
test
^
	at scala.meta.internal.parsers.Reporter.syntaxError(Reporter.scala:16)
	at scala.meta.internal.parsers.Reporter.syntaxError$(Reporter.scala:16)
	at scala.meta.internal.parsers.Reporter$$anon$1.syntaxError(Reporter.scala:22)
	at scala.meta.internal.parsers.Reporter.syntaxError(Reporter.scala:17)
	at scala.meta.internal.parsers.Reporter.syntaxError$(Reporter.scala:17)
	at scala.meta.internal.parsers.Reporter$$anon$1.syntaxError(Reporter.scala:22)
	at scala.meta.internal.parsers.ScalametaParser.statSeq(ScalametaParser.scala:5072)
	at scala.meta.internal.parsers.ScalametaParser.topStatSeq(ScalametaParser.scala:5079)
	at scala.meta.internal.parsers.ScalametaParser.$anonfun$batchSource$1(ScalametaParser.scala:5310)
	at scala.meta.internal.parsers.ScalametaParser.atPos(ScalametaParser.scala:888)
	at scala.meta.internal.parsers.ScalametaParser.autoPos(ScalametaParser.scala:922)
	at scala.meta.internal.parsers.ScalametaParser.batchSource(ScalametaParser.scala:5269)
	at scala.meta.internal.parsers.ScalametaParser.$anonfun$source$1(ScalametaParser.scala:5252)
	at scala.meta.internal.parsers.ScalametaParser.atPos(ScalametaParser.scala:888)
	at scala.meta.internal.parsers.ScalametaParser.autoPos(ScalametaParser.scala:922)
	at scala.meta.internal.parsers.ScalametaParser.source(ScalametaParser.scala:5251)
	at scala.meta.internal.parsers.ScalametaParser.entrypointSource(ScalametaParser.scala:5257)
	at scala.meta.internal.parsers.ScalametaParser.$anonfun$parseSource$2(ScalametaParser.scala:143)
	at scala.meta.internal.parsers.ScalametaParser.parseRule(ScalametaParser.scala:53)
	at scala.meta.internal.parsers.ScalametaParser.parseSource(ScalametaParser.scala:143)
	at scala.meta.parsers.Parse$.$anonfun$parseSource$1(Parse.scala:29)
	at scala.meta.internal.parsers.ScalametaParser$$anon$264.apply(ScalametaParser.scala:5321)
	at scala.meta.parsers.Api$XtensionParseDialectInput.parse(Api.scala:25)
	at scala.meta.internal.semanticdb.scalac.ParseOps$XtensionCompilationUnitSource.toSource(ParseOps.scala:17)
	at scala.meta.internal.semanticdb.scalac.TextDocumentOps$XtensionCompilationUnitDocument.toTextDocument(TextDocumentOps.scala:201)
	at scala.meta.internal.pc.SemanticdbTextDocumentProvider.textDocument(SemanticdbTextDocumentProvider.scala:51)

[0m2021.11.11 10:20:56 INFO  shutting down Metals[0m
No more data in the client stdin, exiting...
java.util.concurrent.RejectedExecutionException: Task scala.concurrent.impl.CallbackRunnable@26a0ce8b rejected from java.util.concurrent.ThreadPoolExecutor@63a2543b[Shutting down, pool size = 2, active threads = 2, queued tasks = 0, completed tasks = 451]
	at java.util.concurrent.ThreadPoolExecutor$AbortPolicy.rejectedExecution(ThreadPoolExecutor.java:2063)
	at java.util.concurrent.ThreadPoolExecutor.reject(ThreadPoolExecutor.java:830)
	at java.util.concurrent.ThreadPoolExecutor.execute(ThreadPoolExecutor.java:1379)
	at scala.concurrent.impl.ExecutionContextImpl$$anon$4.execute(ExecutionContextImpl.scala:138)
	at scala.concurrent.impl.CallbackRunnable.executeWithValue(Promise.scala:72)
	at scala.concurrent.impl.Promise$DefaultPromise.$anonfun$tryComplete$1(Promise.scala:288)
	at scala.concurrent.impl.Promise$DefaultPromise.$anonfun$tryComplete$1$adapted(Promise.scala:288)
	at scala.concurrent.impl.Promise$DefaultPromise.tryComplete(Promise.scala:288)
	at scala.concurrent.Promise.complete(Promise.scala:53)
	at scala.concurrent.Promise.complete$(Promise.scala:52)
	at scala.concurrent.impl.Promise$DefaultPromise.complete(Promise.scala:187)
	at scala.concurrent.impl.Promise.$anonfun$transform$1(Promise.scala:33)
	at scala.concurrent.impl.CallbackRunnable.run(Promise.scala:64)
	at java.util.concurrent.ThreadPoolExecutor.runWorker(ThreadPoolExecutor.java:1149)
	at java.util.concurrent.ThreadPoolExecutor$Worker.run(ThreadPoolExecutor.java:624)
	at java.lang.Thread.run(Thread.java:748)
[0m2021.11.11 13:38:26 INFO  Started: Metals version 0.10.9 in workspace '/home/bercyhub-wassim/Documents/Perso/Projet_Scala' for client Visual Studio Code 1.62.1.[0m
[0m2021.11.11 13:38:27 INFO  time: initialize in 0.87s[0m
[0m2021.11.11 13:38:28 INFO  Attempting to connect to the build server...[0m
Starting the bsp launcher for bloop...
Opening a bsp server connection with 'bsp --protocol local --socket /tmp/bsp-launcher24998854032349082/bsp.socket'...
Waiting for the bsp connection to come up...
Waiting for the bsp connection to come up...
[0m2021.11.11 13:38:30 INFO  no build target: using presentation compiler with only scala-library: 3.1.0[0m
Waiting for the bsp connection to come up...
No server running at 127.0.0.1:8212, let's fire one...
Resolving ch.epfl.scala:bloop-frontend_2.12:1.4.11...
Starting bloop server at 127.0.0.1:8212...
Attempting a connection to the server...
Attempting a connection to the server...
Attempting a connection to the server...
Attempting a connection to the server...
Attempting a connection to the server...
[0m[32m[D][0m Loading workspace settings from bloop.settings.json
[0m[32m[D][0m Loading 2 projects from '/home/bercyhub-wassim/Documents/Perso/Projet_Scala/.bloop'...
[0m[32m[D][0m Loading project from '/home/bercyhub-wassim/Documents/Perso/Projet_Scala/.bloop/projet_scala.json'
[0m[32m[D][0m Loading project from '/home/bercyhub-wassim/Documents/Perso/Projet_Scala/.bloop/projet_scala-test.json'
[0m[32m[D][0m Cache miss for scala instance org.scala-lang:scala-compiler:2.12.10.
[0m[32m[D][0m   => /home/bercyhub-wassim/.cache/coursier/v1/https/repo1.maven.org/maven2/jline/jline/2.14.6/jline-2.14.6.jar
[0m[32m[D][0m   => /home/bercyhub-wassim/.cache/coursier/v1/https/repo1.maven.org/maven2/org/fusesource/jansi/jansi/1.12/jansi-1.12.jar
[0m[32m[D][0m   => /home/bercyhub-wassim/.cache/coursier/v1/https/repo1.maven.org/maven2/org/scala-lang/modules/scala-xml_2.12/1.0.6/scala-xml_2.12-1.0.6.jar
[0m[32m[D][0m   => /home/bercyhub-wassim/.cache/coursier/v1/https/repo1.maven.org/maven2/org/scala-lang/scala-compiler/2.12.10/scala-compiler-2.12.10.jar
[0m[32m[D][0m   => /home/bercyhub-wassim/.cache/coursier/v1/https/repo1.maven.org/maven2/org/scala-lang/scala-library/2.12.10/scala-library-2.12.10.jar
[0m[32m[D][0m   => /home/bercyhub-wassim/.cache/coursier/v1/https/repo1.maven.org/maven2/org/scala-lang/scala-reflect/2.12.10/scala-reflect-2.12.10.jar
[0m[32m[D][0m Configured Scala SemanticDB in projects 'projet_scala', 'projet_scala-test'
[0m[32m[D][0m Missing analysis file for project 'projet_scala'
[0m[32m[D][0m Missing analysis file for project 'projet_scala-test'
[0m[32m[D][0m Waiting for a connection at local:///tmp/bsp-launcher24998854032349082/bsp.socket...
The server is listening for incoming connections at local:///tmp/bsp-launcher24998854032349082/bsp.socket...
Exception in thread "pool-3-thread-1" java.util.ConcurrentModificationException
	at java.util.Hashtable$Enumerator.next(Hashtable.java:1387)
	at scala.collection.convert.JavaCollectionWrappers$JPropertiesWrapper$$anon$6.next(JavaCollectionWrappers.scala:518)
	at scala.collection.convert.JavaCollectionWrappers$JPropertiesWrapper$$anon$6.next(JavaCollectionWrappers.scala:514)
	at scala.collection.IterableOnceOps.find(IterableOnce.scala:621)
	at scala.collection.IterableOnceOps.find$(IterableOnce.scala:618)
	at scala.collection.AbstractIterator.find(Iterator.scala:1296)
	at dotty.tools.dotc.config.PathResolver$Environment$.searchForBootClasspath(PathResolver.scala:39)
	at dotty.tools.dotc.config.PathResolver$Environment$.javaBootClassPath(PathResolver.scala:48)
	at dotty.tools.dotc.config.PathResolver$Defaults$.javaBootClassPath(PathResolver.scala:74)
	at dotty.tools.dotc.config.CommonScalaSettings.$init$(ScalaSettings.scala:94)
	at dotty.tools.dotc.config.ScalaSettings.<init>(ScalaSettings.scala:12)
	at dotty.tools.dotc.core.Contexts$ContextBase.<init>(Contexts.scala:825)
	at dotty.tools.dotc.Driver.initCtx(Driver.scala:63)
	at dotty.tools.dotc.interactive.InteractiveDriver.<init>(InteractiveDriver.scala:32)
	at scala.meta.internal.pc.ScalaPresentationCompiler.newDriver(ScalaPresentationCompiler.scala:121)
	at scala.meta.internal.pc.ScalaPresentationCompiler.$init$$$anonfun$1(ScalaPresentationCompiler.scala:107)
	at scala.meta.internal.pc.CompilerAccess.loadCompiler(CompilerAccess.scala:37)
	at scala.meta.internal.pc.CompilerAccess.withSharedCompiler(CompilerAccess.scala:137)
	at scala.meta.internal.pc.CompilerAccess.withNonInterruptableCompiler$$anonfun$1(CompilerAccess.scala:125)
	at scala.meta.internal.pc.CompilerAccess.onCompilerJobQueue$$anonfun$1(CompilerAccess.scala:197)
	at scala.meta.internal.pc.CompilerJobQueue$Job.run(CompilerJobQueue.scala:139)
	at java.util.concurrent.ThreadPoolExecutor.runWorker(ThreadPoolExecutor.java:1149)
	at java.util.concurrent.ThreadPoolExecutor$Worker.run(ThreadPoolExecutor.java:624)
	at java.lang.Thread.run(Thread.java:748)
Starting thread that pumps stdin and redirects it to the bsp server...
Starting thread that pumps server stdout and redirects it to the client stdout...
[0m2021.11.11 13:38:31 INFO  tracing is disabled for protocol BSP, to enable tracing of incoming and outgoing JSON messages create an empty file at /home/bercyhub-wassim/.cache/metals/bsp.trace.json[0m
[0m2021.11.11 13:38:31 INFO  time: Connected to build server in 3.19s[0m
[0m2021.11.11 13:38:31 INFO  Connected to Build server: Bloop v1.4.11[0m
[0m2021.11.11 13:38:51 INFO  time: code lens generation in 22s[0m
[0m2021.11.11 13:38:51 WARN  Could not find java sources in None. Java symbols will not be available.[0m
[0m2021.11.11 13:38:51 INFO  time: indexed workspace in 19s[0m
[0m2021.11.11 13:38:51 WARN  no build target for: /home/bercyhub-wassim/Documents/Perso/Projet_Scala/airpor.scala[0m
[0m2021.11.11 13:38:51 WARN  no build target for: /home/bercyhub-wassim/Documents/Perso/Projet_Scala/airpor.scala[0m
[0m2021.11.11 13:38:51 INFO  no build target: using presentation compiler with only scala-library: 2.12.10[0m
[0m2021.11.11 13:40:31 WARN  no build target for: /home/bercyhub-wassim/Documents/Perso/Projet_Scala/airport.scala[0m
[0m2021.11.11 13:42:33 WARN  no build target for: /home/bercyhub-wassim/Documents/Perso/Projet_Scala/airpor.scala[0m
[0m2021.11.11 13:43:40 WARN  no build target for: /home/bercyhub-wassim/Documents/Perso/Projet_Scala/airport.scala[0m
[0m2021.11.11 13:44:01 WARN  no build target for: /home/bercyhub-wassim/Documents/Perso/Projet_Scala/airport.scala[0m
[0m2021.11.11 13:59:18 WARN  no build target for: /home/bercyhub-wassim/Documents/Perso/Projet_Scala/airport.scala[0m
[0m2021.11.11 14:00:20 WARN  no build target for: /home/bercyhub-wassim/Documents/Perso/Projet_Scala/airport.scala[0m
[0m2021.11.11 14:05:16 WARN  no build target for: /home/bercyhub-wassim/Documents/Perso/Projet_Scala/airport.scala[0m
[0m2021.11.11 14:05:24 WARN  no build target for: /home/bercyhub-wassim/Documents/Perso/Projet_Scala/airport.scala[0m
[0m2021.11.11 14:05:30 WARN  no build target for: /home/bercyhub-wassim/Documents/Perso/Projet_Scala/airport.scala[0m
[0m2021.11.11 14:09:36 WARN  no build target for: /home/bercyhub-wassim/Documents/Perso/Projet_Scala/airport.scala[0m
[0m2021.11.11 14:09:46 WARN  no build target for: /home/bercyhub-wassim/Documents/Perso/Projet_Scala/airport.scala[0m
[0m2021.11.11 14:10:27 WARN  no build target for: /home/bercyhub-wassim/Documents/Perso/Projet_Scala/airport.scala[0m
